C51 COMPILER V9.60.7.0   MAIN                                                              09/10/2023 19:24:01 PAGE 1   


C51 COMPILER V9.60.7.0, COMPILATION OF MODULE MAIN
OBJECT MODULE PLACED IN .\Objects\main.obj
COMPILER INVOKED BY: C:\Keil_v5\C51\BIN\C51.EXE main.c OPTIMIZE(8,SPEED) BROWSE DEBUG OBJECTEXTEND PRINT(.\Listings\main
                    -.lst) TABS(2) OBJECT(.\Objects\main.obj)

line level    source

   1          #include <REGX52.H>
   2          #include "LCD1602.H"
   3          #include "Delay.H"
   4          int a=0;
   5          void main()
   6          {
   7   1        LCD_Init();
   8   1          while(1)
   9   1        {
  10   2          
  11   2          
  12   2          a++;
  13   2          Delay(10);
  14   2          LCD_ShowNum(1,1,a,3);
  15   2          
  16   2        }
  17   1        
  18   1        
  19   1      }


MODULE INFORMATION:   STATIC OVERLAYABLE
   CODE SIZE        =     34    ----
   CONSTANT SIZE    =   ----    ----
   XDATA SIZE       =   ----    ----
   PDATA SIZE       =   ----    ----
   DATA SIZE        =      2    ----
   IDATA SIZE       =   ----    ----
   BIT SIZE         =   ----    ----
END OF MODULE INFORMATION.


C51 COMPILATION COMPLETE.  0 WARNING(S),  0 ERROR(S)
