C51 COMPILER V9.60.7.0   DELAY                                                             10/19/2023 18:11:17 PAGE 1   


C51 COMPILER V9.60.7.0, COMPILATION OF MODULE DELAY
OBJECT MODULE PLACED IN .\Objects\Delay.obj
COMPILER INVOKED BY: C:\Keil_v5\C51\BIN\C51.EXE Delay.c OPTIMIZE(8,SPEED) BROWSE DEBUG OBJECTEXTEND PRINT(.\Listings\Del
                    -ay.lst) TABS(2) OBJECT(.\Objects\Delay.obj)

line level    source

   1          void Delay(unsigned int time)   //@12.000MHz
   2          {
   3   1        
   4   1        unsigned char data i, j;
   5   1      
   6   1        while(time--)
   7   1        {
   8   2          i = 12;
   9   2        j = 169;
  10   2        do
  11   2        {
  12   3          while (--j);
  13   3        } while (--i);
  14   2      
  15   2      }
  16   1      }


MODULE INFORMATION:   STATIC OVERLAYABLE
   CODE SIZE        =     21    ----
   CONSTANT SIZE    =   ----    ----
   XDATA SIZE       =   ----    ----
   PDATA SIZE       =   ----    ----
   DATA SIZE        =   ----    ----
   IDATA SIZE       =   ----    ----
   BIT SIZE         =   ----    ----
END OF MODULE INFORMATION.


C51 COMPILATION COMPLETE.  0 WARNING(S),  0 ERROR(S)
