C51 COMPILER V9.60.7.0   MAIN                                                              10/19/2023 19:01:17 PAGE 1   


C51 COMPILER V9.60.7.0, COMPILATION OF MODULE MAIN
OBJECT MODULE PLACED IN .\Objects\main.obj
COMPILER INVOKED BY: C:\Keil_v5\C51\BIN\C51.EXE main.c OPTIMIZE(8,SPEED) BROWSE DEBUG OBJECTEXTEND PRINT(.\Listings\main
                    -.lst) TABS(2) OBJECT(.\Objects\main.obj)

line level    source

   1          #include <REGX52.H>
   2          #include "LCD1602.h"
   3          #include "DS18B20.h"
   4          unsigned char AckBit;
   5          float T;
   6          void main()
   7          {
   8   1        
   9   1        LCD_Init();
  10   1        LCD_ShowString(1,1,"Temperature:");
  11   1      
  12   1        while(1)
  13   1        {
  14   2          DS18B20_ConvertT();
  15   2          T=DS18B20_ReadT();
  16   2          if(T<0)
  17   2          {
  18   3            LCD_ShowChar(2,1,'-');
  19   3            T=-T;
  20   3          }
  21   2          else
  22   2          {
  23   3            LCD_ShowChar(2,1,'+');
  24   3          }
  25   2          LCD_ShowNum(2,2,T,3);
  26   2          LCD_ShowChar(2,5,'.');
  27   2          LCD_ShowNum(2,6,(unsigned long)(T*10000)%10000,4);
  28   2        }
  29   1      }


MODULE INFORMATION:   STATIC OVERLAYABLE
   CODE SIZE        =    166    ----
   CONSTANT SIZE    =     13    ----
   XDATA SIZE       =   ----    ----
   PDATA SIZE       =   ----    ----
   DATA SIZE        =      5    ----
   IDATA SIZE       =   ----    ----
   BIT SIZE         =   ----    ----
END OF MODULE INFORMATION.


C51 COMPILATION COMPLETE.  0 WARNING(S),  0 ERROR(S)
