C51 COMPILER V9.60.7.0   MAIN                                                              09/06/2023 19:29:54 PAGE 1   


C51 COMPILER V9.60.7.0, COMPILATION OF MODULE MAIN
OBJECT MODULE PLACED IN .\Objects\main.obj
COMPILER INVOKED BY: C:\Keil_v5\C51\BIN\C51.EXE main.c OPTIMIZE(8,SPEED) BROWSE DEBUG OBJECTEXTEND PRINT(.\Listings\main
                    -.lst) TABS(2) OBJECT(.\Objects\main.obj)

line level    source

   1          #include <REGX52.H>
   2          unsigned char NixieTable[]={0x3F,0X06,0x5B,0x4F,0x6D,0x7D,0x07,0x7F,0x6F};
   3          void Nixie(unsigned char local,num)
   4          {
   5   1        switch(local)
   6   1        {
   7   2          case 1:P2_4=1;P2_3=1;P2_2=1;
   8   2          break;
   9   2          case 2:P2_4=1;P2_3=1;P2_2=0;
  10   2          break;
  11   2          case 3:P2_4=1;P2_3=0;P2_2=1;
  12   2          break;
  13   2          case 4:P2_4=1;P2_3=0;P2_2=0;
  14   2          break;
  15   2          case 5:P2_4=0;P2_3=1;P2_2=1;
  16   2          break;
  17   2          case 6:P2_4=0;P2_3=1;P2_2=0;
  18   2          break;
  19   2          case 7:P2_4=0;P2_3=0;P2_2=1;
  20   2          break;
  21   2          case 8:P2_4=0;P2_3=0;P2_2=0;
  22   2          break;
  23   2        }
  24   1        P0= NixieTable[num];
  25   1      }
  26          void main()
  27          {
  28   1        Nixie(4,1);
  29   1          while(1)
  30   1        {
  31   2        }
  32   1      }


MODULE INFORMATION:   STATIC OVERLAYABLE
   CODE SIZE        =    110    ----
   CONSTANT SIZE    =   ----    ----
   XDATA SIZE       =   ----    ----
   PDATA SIZE       =   ----    ----
   DATA SIZE        =      9    ----
   IDATA SIZE       =   ----    ----
   BIT SIZE         =   ----    ----
END OF MODULE INFORMATION.


C51 COMPILATION COMPLETE.  0 WARNING(S),  0 ERROR(S)
