C51 COMPILER V9.60.7.0   KEY                                                               10/18/2023 20:31:46 PAGE 1   


C51 COMPILER V9.60.7.0, COMPILATION OF MODULE KEY
OBJECT MODULE PLACED IN .\Objects\Key.obj
COMPILER INVOKED BY: C:\Keil_v5\C51\BIN\C51.EXE Key.c OPTIMIZE(8,SPEED) BROWSE DEBUG OBJECTEXTEND PRINT(.\Listings\Key.l
                    -st) TABS(2) OBJECT(.\Objects\Key.obj)

line level    source

   1          #include <REGX52.H>
   2          
   3          unsigned char Key_KeyNumber;
   4          unsigned char Key(void)
   5          {
   6   1        unsigned char Temp;
   7   1        Temp=Key_KeyNumber;
   8   1        Key_KeyNumber=0;
   9   1        return Temp;
  10   1      }
  11          unsigned char Key_GetState()
  12          {
  13   1        unsigned char KeyNum=0;
  14   1        if(P3_1==0)KeyNum=1;
  15   1        if(P3_0==0)KeyNum=2;
  16   1        if(P3_2==0)KeyNum=3;
  17   1        if(P3_3==0)KeyNum=4;
  18   1        
  19   1        return KeyNum;
  20   1      }
  21          void Key_Loop(void)
  22          {
  23   1        static unsigned char NowState,LastState;
  24   1        LastState=NowState;
  25   1        NowState=Key_GetState();
  26   1          if(LastState==1 && NowState==0) Key_KeyNumber=1;
  27   1          if(LastState==2 && NowState==0) Key_KeyNumber=2;
  28   1          if(LastState==3 && NowState==0) Key_KeyNumber=3;
  29   1          if(LastState==4 && NowState==0) Key_KeyNumber=4;
  30   1      }


MODULE INFORMATION:   STATIC OVERLAYABLE
   CODE SIZE        =     85    ----
   CONSTANT SIZE    =   ----    ----
   XDATA SIZE       =   ----    ----
   PDATA SIZE       =   ----    ----
   DATA SIZE        =      3    ----
   IDATA SIZE       =   ----    ----
   BIT SIZE         =   ----    ----
END OF MODULE INFORMATION.


C51 COMPILATION COMPLETE.  0 WARNING(S),  0 ERROR(S)
