C51 COMPILER V9.60.7.0   MAIN                                                              10/18/2023 20:31:46 PAGE 1   


C51 COMPILER V9.60.7.0, COMPILATION OF MODULE MAIN
OBJECT MODULE PLACED IN .\Objects\main.obj
COMPILER INVOKED BY: C:\Keil_v5\C51\BIN\C51.EXE main.c OPTIMIZE(8,SPEED) BROWSE DEBUG OBJECTEXTEND PRINT(.\Listings\main
                    -.lst) TABS(2) OBJECT(.\Objects\main.obj)

line level    source

   1          #include <REGX52.H>
   2          #include "Nixie.h"
   3          #include "Key.h"
   4          #include "Timero.h"
   5          
   6          unsigned char KeyNum;
   7          
   8          void main()
   9          {
  10   1        Timer0_Init();
  11   1        while(1)
  12   1        {
  13   2          KeyNum=Key();
  14   2          if(KeyNum)
  15   2          {
  16   3            Nixie_SetBuf(1,KeyNum);
  17   3            Nixie_SetBuf(2,KeyNum);
  18   3          }
  19   2        }
  20   1      }
  21          void Timer0_Routine()  interrupt 1
  22          {
  23   1        static unsigned int T0Count1,T0Count2;
  24   1          TL0=0x18;    //设置定时初值
  25   1          TH0=0xFC;    //设置定时初值
  26   1          T0Count1++;
  27   1          if(T0Count1>=20)
  28   1      {
  29   2            T0Count1=0;
  30   2            Key_Loop();
  31   2      }
  32   1          T0Count2++;
  33   1          if(T0Count2>=2)
  34   1      {
  35   2            T0Count2=0;
  36   2            Nixie_Loop();
  37   2      }
  38   1      }


MODULE INFORMATION:   STATIC OVERLAYABLE
   CODE SIZE        =    146    ----
   CONSTANT SIZE    =   ----    ----
   XDATA SIZE       =   ----    ----
   PDATA SIZE       =   ----    ----
   DATA SIZE        =      5    ----
   IDATA SIZE       =   ----    ----
   BIT SIZE         =   ----    ----
END OF MODULE INFORMATION.


C51 COMPILATION COMPLETE.  0 WARNING(S),  0 ERROR(S)
