C51 COMPILER V9.60.7.0   NIXIE                                                             10/18/2023 20:33:55 PAGE 1   


C51 COMPILER V9.60.7.0, COMPILATION OF MODULE NIXIE
OBJECT MODULE PLACED IN .\Objects\Nixie.obj
COMPILER INVOKED BY: C:\Keil_v5\C51\BIN\C51.EXE Nixie.c OPTIMIZE(8,SPEED) BROWSE DEBUG OBJECTEXTEND PRINT(.\Listings\Nix
                    -ie.lst) TABS(2) OBJECT(.\Objects\Nixie.obj)

line level    source

   1          #include <REGX52.H>
   2          
   3          unsigned char Nixie_Buf[9]={0,10,10,10,10,10,10,10,10};
   4          
   5          unsigned char NixieTable[]={0x3F,0x06,0x5B,0x4F,0x66,0x6D,0x7D,0x07,0x7F,0x6F,0x00};
   6          void Nixie_SetBuf(unsigned char local,num)
   7            {
   8   1        Nixie_Buf[local]=num;
   9   1        }
  10          void Nixie(unsigned char local,num)
  11          { 
  12   1        P0=0x00;
  13   1        switch(local)
  14   1        {
  15   2          case 1:P2_4=1;P2_3=1;P2_2=1;
  16   2          break;
  17   2          case 2:P2_4=1;P2_3=1;P2_2=0;
  18   2          break;
  19   2          case 3:P2_4=1;P2_3=0;P2_2=1;
  20   2          break;
  21   2          case 4:P2_4=1;P2_3=0;P2_2=0;
  22   2          break;
  23   2          case 5:P2_4=0;P2_3=1;P2_2=1;
  24   2          break;
  25   2          case 6:P2_4=0;P2_3=1;P2_2=0;
  26   2          break;
  27   2          case 7:P2_4=0;P2_3=0;P2_2=1;
  28   2          break;
  29   2          case 8:P2_4=0;P2_3=0;P2_2=0;
  30   2          break;
  31   2        }
  32   1        P0= NixieTable[num];
  33   1      
  34   1      }
  35          void Nixie_Loop(void)
  36          {
  37   1        static unsigned char i=1;
  38   1        Nixie(i,Nixie_Buf[i]);
  39   1        i++;
  40   1        if(i>=9)i=1;
  41   1        
  42   1      }


MODULE INFORMATION:   STATIC OVERLAYABLE
   CODE SIZE        =    138    ----
   CONSTANT SIZE    =   ----    ----
   XDATA SIZE       =   ----    ----
   PDATA SIZE       =   ----    ----
   DATA SIZE        =     21    ----
   IDATA SIZE       =   ----    ----
   BIT SIZE         =   ----    ----
END OF MODULE INFORMATION.


C51 COMPILATION COMPLETE.  0 WARNING(S),  0 ERROR(S)
