C51 COMPILER V9.60.7.0   IR                                                                10/25/2023 19:19:26 PAGE 1   


C51 COMPILER V9.60.7.0, COMPILATION OF MODULE IR
OBJECT MODULE PLACED IN .\Objects\IR.obj
COMPILER INVOKED BY: C:\Keil_v5\C51\BIN\C51.EXE IR.c OPTIMIZE(8,SPEED) BROWSE DEBUG OBJECTEXTEND PRINT(.\Listings\IR.lst
                    -) TABS(2) OBJECT(.\Objects\IR.obj)

line level    source

   1          #include "Timero.h"
   2          #include <REGX52.H>
   3          #include "Int0.h"
   4          
   5          unsigned int IR_Time;
   6          unsigned char IR_State;
   7          unsigned char IR_Data[4];
   8          unsigned char IR_pData;
   9          unsigned char IR_DataFlag;
  10          unsigned char IR_RepeatFlag;
  11          unsigned char IR_Address;
  12          unsigned char IR_Command;
  13          void IR_Init(void)
  14          {
  15   1        Timer0_Init();
  16   1        Int0_Init();
  17   1      }
  18          unsigned char IR_GetDataFlag(void)
  19          {
  20   1        if(IR_DataFlag)
  21   1        {
  22   2          IR_DataFlag=0;
  23   2          return 1;
  24   2        }
  25   1        return 0;
  26   1      }
  27          unsigned char IR_GetRepeatFlag(void)
  28          {
  29   1        if(IR_RepeatFlag)
  30   1        {
  31   2          IR_RepeatFlag=0;
  32   2          return 1;
  33   2        }
  34   1        return 0;
  35   1      }
  36          unsigned char IR_GetAddress(void)
  37          {
  38   1        return IR_Address;
  39   1      }
  40          unsigned char IR_GetCommand(void)
  41          {
  42   1        return IR_Command;
  43   1      }
  44          void Int0_Routine(void) interrupt 0
  45            {
  46   1          if(IR_State==0)
  47   1          {
  48   2            Timer0_SetCounter(0);
  49   2            Timer0_Run(1);
  50   2            IR_State=1;
  51   2          }
  52   1          else if(IR_State==1)
  53   1          {
  54   2            
C51 COMPILER V9.60.7.0   IR                                                                10/25/2023 19:19:26 PAGE 2   

  55   2            if(IR_Time>13500-500 && IR_Time<13500+500)
  56   2            {
  57   3              P2=0;
  58   3              IR_State=2;
  59   3            }
  60   2            else if(IR_Time>11250-500 && IR_Time<11250+500)
  61   2            {
  62   3              IR_RepeatFlag=1;
  63   3              Timer0_Run(0);
  64   3              IR_State=0;
  65   3            }
  66   2            else
  67   2            {
  68   3              IR_State=1;
  69   3            }
  70   2          }
  71   1            else if(IR_State==2)
  72   1          {
  73   2            IR_Time=Timer0_GetCounter();
  74   2            Timer0_SetCounter(0);
  75   2            if(IR_Time>1120-500 && IR_Time<1120+500)
  76   2            {
  77   3              IR_Data[IR_pData/8]&=~(0x01<<(IR_pData%8));
  78   3              IR_pData++;
  79   3            }
  80   2            else if(IR_Time>2250-500 && IR_Time<2250+500)
  81   2            {
  82   3              IR_Data[IR_pData/8]|=(0x01<<(IR_pData%8));
  83   3              IR_pData++;
  84   3            }
  85   2            else
  86   2            {
  87   3              IR_pData=0;
  88   3              IR_State=1;
  89   3            }
  90   2            if(IR_pData>=32)
  91   2            {
  92   3              IR_pData=0;
  93   3              if((IR_Data[0]==~IR_Data[1]) &&(IR_Data[2]==~IR_Data[3]))
  94   3              {
  95   4                
  96   4                IR_Address=IR_Data[0];
  97   4                IR_Command=IR_Data[2];
  98   4                IR_DataFlag=1;
  99   4              }
 100   3              Timer0_Run(0);
 101   3              IR_State=0;
 102   3            }
 103   2           }
 104   1         }


MODULE INFORMATION:   STATIC OVERLAYABLE
   CODE SIZE        =    358    ----
   CONSTANT SIZE    =   ----    ----
   XDATA SIZE       =   ----    ----
   PDATA SIZE       =   ----    ----
   DATA SIZE        =     12    ----
   IDATA SIZE       =   ----    ----
   BIT SIZE         =   ----    ----
END OF MODULE INFORMATION.


C51 COMPILATION COMPLETE.  0 WARNING(S),  0 ERROR(S)
