C51 COMPILER V9.60.7.0   MAIN                                                              10/25/2023 19:10:21 PAGE 1   


C51 COMPILER V9.60.7.0, COMPILATION OF MODULE MAIN
OBJECT MODULE PLACED IN .\Objects\main.obj
COMPILER INVOKED BY: C:\Keil_v5\C51\BIN\C51.EXE main.c OPTIMIZE(8,SPEED) BROWSE DEBUG OBJECTEXTEND PRINT(.\Listings\main
                    -.lst) TABS(2) OBJECT(.\Objects\main.obj)

line level    source

   1          #include <REGX52.H>
   2          #include "LCD1602.h"
   3          #include "IR.h"
   4          #include "Delay.h"
   5          //unsigned char Num;
   6          unsigned char Address;
   7          unsigned char Conmand;
   8          void main()
   9          {
  10   1        LCD_Init();
  11   1        LCD_ShowString(1,1,"a");
  12   1        IR_Init();
  13   1        while(1)
  14   1        {
  15   2        if(IR_GetDataFlag())
  16   2        {
  17   3          Address=IR_GetAddress();
  18   3          Conmand=IR_GetCommand();
  19   3          
  20   3          LCD_ShowHexNum(2,1,Address,2);
  21   3          LCD_ShowHexNum(2,5,Conmand,2);
  22   3        }
  23   2        
  24   2        }
  25   1      }
  26          //  void Int0_Routine(void) interrupt 0
  27          //  {
  28          //    Num--;
  29          //  }


MODULE INFORMATION:   STATIC OVERLAYABLE
   CODE SIZE        =     67    ----
   CONSTANT SIZE    =      2    ----
   XDATA SIZE       =   ----    ----
   PDATA SIZE       =   ----    ----
   DATA SIZE        =      2    ----
   IDATA SIZE       =   ----    ----
   BIT SIZE         =   ----    ----
END OF MODULE INFORMATION.


C51 COMPILATION COMPLETE.  0 WARNING(S),  0 ERROR(S)
