C51 COMPILER V9.60.7.0   TIMERO                                                            10/22/2023 19:19:40 PAGE 1   


C51 COMPILER V9.60.7.0, COMPILATION OF MODULE TIMERO
OBJECT MODULE PLACED IN .\Objects\Timero.obj
COMPILER INVOKED BY: C:\Keil_v5\C51\BIN\C51.EXE Timero.c OPTIMIZE(8,SPEED) BROWSE DEBUG OBJECTEXTEND PRINT(.\Listings\Ti
                    -mero.lst) TABS(2) OBJECT(.\Objects\Timero.obj)

line level    source

   1          #include <REGX52.H>
   2          
   3          void Timer0_Init(void)    //1毫秒@12.000MHz
   4          {
   5   1        
   6   1        TMOD &= 0xF0;     //设置定时器模式
   7   1        TMOD |= 0x01;     //设置定时器模式
   8   1        TL0 = 0;        //设置定时初始值
   9   1        TH0 = 0;        //设置定时初始值
  10   1        TF0 = 0;        //清除TF0标志
  11   1        TR0 = 0;        //定时器0不计时
  12   1        
  13   1      }
  14          void Timer0_SetCounter(unsigned int Value)
  15          {
  16   1            TH0=Value/256;
  17   1            TL0=Value%256;
  18   1        
  19   1      }
  20          unsigned int Timer0_GetCounter(void)
  21          {
  22   1        return (TH0<<8)|TL0;
  23   1      }
  24          void Timer0_Run(unsigned char Flag)
  25          {
  26   1        TR0=Flag;
  27   1        
  28   1      }


MODULE INFORMATION:   STATIC OVERLAYABLE
   CODE SIZE        =     42    ----
   CONSTANT SIZE    =   ----    ----
   XDATA SIZE       =   ----    ----
   PDATA SIZE       =   ----    ----
   DATA SIZE        =   ----    ----
   IDATA SIZE       =   ----    ----
   BIT SIZE         =   ----    ----
END OF MODULE INFORMATION.


C51 COMPILATION COMPLETE.  0 WARNING(S),  0 ERROR(S)
