C51 COMPILER V9.60.7.0   COMMON                                                            11/20/2023 18:28:29 PAGE 1   


C51 COMPILER V9.60.7.0, COMPILATION OF MODULE COMMON
OBJECT MODULE PLACED IN .\Objects\common.obj
COMPILER INVOKED BY: C:\Keil_v5\C51\BIN\C51.EXE common.c OPTIMIZE(8,SPEED) BROWSE DEBUG OBJECTEXTEND PRINT(.\Listings\co
                    -mmon.lst) TABS(2) OBJECT(.\Objects\common.obj)

line level    source

   1          /********************************************************************
   2          * 文件名  ： 通用文件.c
   3          * 描述    :  该程序包含两个 ms/us 延时程序和任意数字转字符串程序
   4          *********************************************************************/
   5          #include "common.h"
   6          
   7          
   8          /********************************************************************
   9          * 名称 : delay_ms()
  10          * 功能 : 延时,延时时间大概为nms
  11          * 输入 : 无
  12          * 输出 : 无
  13          ***********************************************************************/
  14          void  delay_ms(uchar nms)
  15          {
  16   1      #if MAIN_Fosc == 12000000L
                  unsigned char i, j;
                  do
                  {
                      i = 2;
                      j = 239;
                      do
                      {
                          while (--j);
                      }
                      while (--i);
                  }
                  while(--nms);
              #elif MAIN_Fosc == 11059200L
  30   1          unsigned char i, j;
  31   1          do
  32   1          {
  33   2              _nop_();
  34   2              i = 2;
  35   2              j = 199;
  36   2              do
  37   2              {
  38   3                  while (--j);
  39   3              }
  40   2              while (--i);
  41   2          }
  42   1          while(--nms);
  43   1      
  44   1      #endif
  45   1      }
  46          


MODULE INFORMATION:   STATIC OVERLAYABLE
   CODE SIZE        =     12    ----
   CONSTANT SIZE    =   ----    ----
   XDATA SIZE       =   ----    ----
   PDATA SIZE       =   ----    ----
   DATA SIZE        =   ----    ----
C51 COMPILER V9.60.7.0   COMMON                                                            11/20/2023 18:28:29 PAGE 2   

   IDATA SIZE       =   ----    ----
   BIT SIZE         =   ----    ----
END OF MODULE INFORMATION.


C51 COMPILATION COMPLETE.  0 WARNING(S),  0 ERROR(S)
