C51 COMPILER V9.60.7.0   LCD                                                               11/20/2023 18:28:29 PAGE 1   


C51 COMPILER V9.60.7.0, COMPILATION OF MODULE LCD
OBJECT MODULE PLACED IN .\Objects\LCD.obj
COMPILER INVOKED BY: C:\Keil_v5\C51\BIN\C51.EXE LCD.C OPTIMIZE(8,SPEED) BROWSE DEBUG OBJECTEXTEND PRINT(.\Listings\LCD.l
                    -st) TABS(2) OBJECT(.\Objects\LCD.obj)

line level    source

   1          #include "LCD.h" //51寄存器文件
   2          #include <intrins.h>
   3          
   4          void Lcd_WrData(BYTE row, BYTE col, BYTE *dat);
   5          
   6          
   7          sbit rw = P2^6; //复位端
   8          sbit rs = P2^5; //写数据端
   9          sbit ep = P2^7; //使能端
  10          /*---------------------------------------------------
  11                延时函数
  12          -----------------------------------------------------*/
  13          
  14          void delay_ms(BYTE ms)
  15          {             
  16   1        BYTE i;
  17   1        while(ms--)
  18   1        {
  19   2          for(i = 0; i< 110; i++)
  20   2          {
  21   3            _nop_();
  22   3      
  23   3          }
  24   2        }
  25   1      }
  26          void delay_us(void)
  27          {
  28   1          unsigned char b;
  29   1          for(b=1;b>0;b--)  ;
  30   1      }
  31          /*---------------------------------------------------
  32                LCD检测忙函数
  33          -----------------------------------------------------*/
  34          BOOL lcd_bz(void)
  35          {           
  36   1        BOOL result;
  37   1        rs = 0;
  38   1        rw = 1;
  39   1        ep = 1;
  40   1        delay_us();delay_us();delay_us();delay_us();
  41   1        result = (BOOL)(P0 & 0x80); //检测P0最高位是否为1
  42   1        ep = 0;
  43   1        return result;//返回侧忙结果  
  44   1      }
  45          /*---------------------------------------------------
  46                LCD写命令
  47          -----------------------------------------------------*/
  48          void lcd_wcmd(BYTE cmd)
  49          {             // 写入指令数据到LCD
  50   1        while(lcd_bz());
  51   1        rs = 0;
  52   1        rw = 0;
  53   1        ep = 0;
  54   1        delay_us();delay_us();  
C51 COMPILER V9.60.7.0   LCD                                                               11/20/2023 18:28:29 PAGE 2   

  55   1        P0 = cmd; //将8位指令通过P0口传给1602
  56   1        delay_us();delay_us();delay_us();delay_us();
  57   1        ep = 1;
  58   1        delay_us();delay_us();delay_us();delay_us();
  59   1        ep = 0;   
  60   1      }
  61          /*---------------------------------------------------
  62                LCD写数据
  63          -----------------------------------------------------*/
  64          void lcd_wdat(BYTE dat) 
  65          {             //写入字符显示数据到LCD
  66   1        while(lcd_bz());
  67   1        rs = 1;
  68   1        rw = 0;
  69   1        ep = 0;
  70   1        P0 = dat;//将8位数据通过P0口传给1602 
  71   1        delay_us();delay_us();delay_us();delay_us();
  72   1        ep = 1;
  73   1        delay_us();delay_us();delay_us();delay_us();
  74   1        ep = 0; 
  75   1      }
  76          /*---------------------------------------------------
  77                LCD显示字符串
  78          -----------------------------------------------------*/
  79          void Lcd_WrData(BYTE row, BYTE col, BYTE *dat)
  80          { 
  81   1        BYTE i;
  82   1        switch(row)
  83   1        {
  84   2          case 0:
  85   2          lcd_wcmd(col + 0x80);
  86   2          break;
  87   2          case 1:
  88   2          lcd_wcmd(0x40 + col + 0x80);
  89   2          break;
  90   2        }
  91   1        while(*dat != '\0')
  92   1        {           //显示字符"welcome!"
  93   2          lcd_wdat(*dat);
  94   2          dat++;
  95   2        } 
  96   1      
  97   1      }
*** WARNING C280 IN LINE 81 OF LCD.C: 'i': unreferenced local variable
  98          void Lcd_Wr_Data(BYTE row, BYTE col, BYTE *dat)
  99          { 
 100   1        BYTE i;
 101   1        switch(row)
 102   1        {
 103   2          case 0:
 104   2          lcd_wcmd(col + 0x80);
 105   2          break;
 106   2          case 1:
 107   2          lcd_wcmd(0x40 + col + 0x80);
 108   2          break;
 109   2        }
 110   1                  //显示字符"welcome!"
 111   1          lcd_wdat(*dat);
 112   1      
 113   1      }
*** WARNING C280 IN LINE 100 OF LCD.C: 'i': unreferenced local variable
 114          
C51 COMPILER V9.60.7.0   LCD                                                               11/20/2023 18:28:29 PAGE 3   

 115          
 116          /*---------------------------------------------------
 117                LCD初始化
 118          -----------------------------------------------------*/
 119          void lcd_init(void)
 120          {           //LCD初始化设定
 121   1        lcd_wcmd(0x38);   ////16*2显示，5*7点阵，8位数据
 122   1        delay_ms(1);
 123   1        lcd_wcmd(0x0c);   //显示开，关光标
 124   1        delay_ms(1);
 125   1        lcd_wcmd(0x06);   //移动光标
 126   1        delay_ms(1);
 127   1        lcd_wcmd(0x01);   //清除LCD的显示内容
 128   1        delay_ms(1);
 129   1      
 130   1       Lcd_WrData(0,1,"Samrt");
 131   1      
 132   1      }
 133          
 134            


MODULE INFORMATION:   STATIC OVERLAYABLE
   CODE SIZE        =    227    ----
   CONSTANT SIZE    =      6    ----
   XDATA SIZE       =   ----    ----
   PDATA SIZE       =   ----    ----
   DATA SIZE        =   ----       2
   IDATA SIZE       =   ----    ----
   BIT SIZE         =   ----       1
END OF MODULE INFORMATION.


C51 COMPILATION COMPLETE.  2 WARNING(S),  0 ERROR(S)
