C51 COMPILER V9.60.7.0   LCD1602                                                           11/20/2023 18:28:29 PAGE 1   


C51 COMPILER V9.60.7.0, COMPILATION OF MODULE LCD1602
OBJECT MODULE PLACED IN .\Objects\lcd1602.obj
COMPILER INVOKED BY: C:\Keil_v5\C51\BIN\C51.EXE lcd1602.c OPTIMIZE(8,SPEED) BROWSE DEBUG OBJECTEXTEND PRINT(.\Listings\l
                    -cd1602.lst) TABS(2) OBJECT(.\Objects\lcd1602.obj)

line level    source

   1          #include <reg52.h>
   2          #include <intrins.h>
   3          #include "lcd1602.h"
   4          #include "common.h"
   5          
   6          sbit RS = P2^5;
   7          sbit RW = P2^6;
   8          sbit E = P2^7;
   9          
  10          #define DataPort P0
  11          
  12          void lcd_clear(void)//清屏
  13          {
  14   1         lcd_write_com(0x01);
  15   1         delay_ms(5);
  16   1      }
  17          
  18          void lcd_write_com(unsigned char byte)//写指令
  19          {
  20   1          RS = 0;
  21   1          RW = 0;
  22   1          E = 1;
  23   1          DataPort = byte;
  24   1          _nop_();
  25   1          _nop_();
  26   1          delay_ms(1);
  27   1          E = 0;
  28   1            
  29   1      }
  30          
  31          void lcd_write_data(unsigned char byte)//写数据
  32          {
  33   1          RS = 1;
  34   1          RW = 0;
  35   1          E = 1;
  36   1          DataPort = byte;
  37   1          _nop_();
  38   1          _nop_();
  39   1          delay_ms(1);
  40   1          E = 0;
  41   1      }
  42          
  43          void lcd_init()//1602初始化
  44          {
  45   1          delay_ms(5);
  46   1          lcd_write_com(0x38);//设置16*2显示，5*7点阵，8位数据接口
  47   1          delay_ms(5);
  48   1          lcd_write_com(0x38);//设置16*2显示，5*7点阵，8位数据接口
  49   1          delay_ms(5);
  50   1          lcd_write_com(0x38);//设置16*2显示，5*7点阵，8位数据接口
  51   1          delay_ms(5);
  52   1          lcd_write_com(0x08); //关闭显示
  53   1          delay_ms(5);
  54   1          lcd_write_com(0x01);//清屏指令
C51 COMPILER V9.60.7.0   LCD1602                                                           11/20/2023 18:28:29 PAGE 2   

  55   1          delay_ms(5);
  56   1          lcd_write_com(0x06);
  57   1          delay_ms(5);
  58   1          lcd_write_com(0x0c);
  59   1          delay_ms(5);
  60   1          
  61   1      }
  62          void lcd_write_char(unsigned char x,unsigned char y,unsigned char byte)//在某一位置显示一字符
  63          {
  64   1          if(0 == y)
  65   1          {
  66   2            lcd_write_com(0x80 + x);
  67   2          }
  68   1          else if(1 == y)
  69   1          {
  70   2            lcd_write_com(0x80 + 0x40 + x);
  71   2          }
  72   1          lcd_write_data(byte);
  73   1      }
  74          
  75          void lcd_write_str(unsigned char x, unsigned char y, unsigned char *s)//在某一位置显示一字符串
  76          {
  77   1         if(0 == y)
  78   1          {
  79   2            lcd_write_com(0x80 + x);
  80   2          }
  81   1          else
  82   1          {
  83   2            lcd_write_com(0x80 + 0x40 + x);
  84   2          }
  85   1          
  86   1          while(*s)
  87   1          {
  88   2            lcd_write_data(*s);
  89   2            s++;
  90   2          }
  91   1          
  92   1      }


MODULE INFORMATION:   STATIC OVERLAYABLE
   CODE SIZE        =    209    ----
   CONSTANT SIZE    =   ----    ----
   XDATA SIZE       =   ----    ----
   PDATA SIZE       =   ----    ----
   DATA SIZE        =   ----       7
   IDATA SIZE       =   ----    ----
   BIT SIZE         =   ----    ----
END OF MODULE INFORMATION.


C51 COMPILATION COMPLETE.  0 WARNING(S),  0 ERROR(S)
