C51 COMPILER V9.60.7.0   MAIN                                                              10/20/2023 19:00:16 PAGE 1   


C51 COMPILER V9.60.7.0, COMPILATION OF MODULE MAIN
OBJECT MODULE PLACED IN .\Objects\main.obj
COMPILER INVOKED BY: C:\Keil_v5\C51\BIN\C51.EXE main.c OPTIMIZE(8,SPEED) BROWSE DEBUG OBJECTEXTEND PRINT(.\Listings\main
                    -.lst) TABS(2) OBJECT(.\Objects\main.obj)

line level    source

   1          #include <REGX52.H>
   2          
   3          sbit LED=P2^0;
   4          void Delay(unsigned int t)
   5          {
   6   1        while(t--);
   7   1      }
   8          void main()
   9          {
  10   1        unsigned char Time,i;
  11   1        while(1)
  12   1        {
  13   2          for(Time=0;Time<100;Time++)
  14   2        {
  15   3          for(i=0;i<20;i++)
  16   3          {
  17   4          LED=0;
  18   4          Delay(Time);
  19   4          LED=1;
  20   4          Delay(100-Time);
  21   4          }
  22   3        }
  23   2        for(Time=100;Time>0;Time--)
  24   2        {
  25   3          for(i=0;i<20;i++)
  26   3          {
  27   4          LED=0;
  28   4          Delay(Time);
  29   4          LED=1;
  30   4          Delay(100-Time);
  31   4          }
  32   3        }
  33   2        }
  34   1      }


MODULE INFORMATION:   STATIC OVERLAYABLE
   CODE SIZE        =     68    ----
   CONSTANT SIZE    =   ----    ----
   XDATA SIZE       =   ----    ----
   PDATA SIZE       =   ----    ----
   DATA SIZE        =   ----    ----
   IDATA SIZE       =   ----    ----
   BIT SIZE         =   ----    ----
END OF MODULE INFORMATION.


C51 COMPILATION COMPLETE.  0 WARNING(S),  0 ERROR(S)
