C51 COMPILER V9.60.7.0   KEY                                                               10/18/2023 18:48:19 PAGE 1   


C51 COMPILER V9.60.7.0, COMPILATION OF MODULE KEY
OBJECT MODULE PLACED IN .\Objects\Key.obj
COMPILER INVOKED BY: C:\Keil_v5\C51\BIN\C51.EXE ..\7-1¶¨Ê±Æ÷\Key.c OPTIMIZE(8,SPEED) BROWSE DEBUG OBJECTEXTEND PRINT(.\L
                    -istings\Key.lst) TABS(2) OBJECT(.\Objects\Key.obj)

line level    source

   1          #include <REGX52.H>
   2          #include "Delay.h"
   3          unsigned char Key()
   4          {
   5   1        unsigned char KeyNum=0;
   6   1        if(P3_1==0){Delay(20);while(P2_1==0);Delay(20);KeyNum=1;}
   7   1        if(P3_0==0){Delay(20);while(P2_2==0);Delay(20);KeyNum=2;}
   8   1        if(P3_2==0){Delay(20);while(P2_3==0);Delay(20);KeyNum=3;}
   9   1        if(P3_3==0){Delay(20);while(P2_4==0);Delay(20);KeyNum=4;}
  10   1        
  11   1        return KeyNum;
  12   1      }


MODULE INFORMATION:   STATIC OVERLAYABLE
   CODE SIZE        =     97    ----
   CONSTANT SIZE    =   ----    ----
   XDATA SIZE       =   ----    ----
   PDATA SIZE       =   ----    ----
   DATA SIZE        =   ----       1
   IDATA SIZE       =   ----    ----
   BIT SIZE         =   ----    ----
END OF MODULE INFORMATION.


C51 COMPILATION COMPLETE.  0 WARNING(S),  0 ERROR(S)
