C51 COMPILER V9.60.7.0   MAIN                                                              10/18/2023 18:46:37 PAGE 1   


C51 COMPILER V9.60.7.0, COMPILATION OF MODULE MAIN
OBJECT MODULE PLACED IN .\Objects\main.obj
COMPILER INVOKED BY: C:\Keil_v5\C51\BIN\C51.EXE main.c OPTIMIZE(8,SPEED) BROWSE DEBUG OBJECTEXTEND PRINT(.\Listings\main
                    -.lst) TABS(2) OBJECT(.\Objects\main.obj)

line level    source

   1          #include <REGX52.H>
   2          #include "Delay.h"
   3          #include "LCD1602.h"
   4          #include "Key.h"
   5          #include "AT24C02.h"
   6          unsigned char KeyNum;
   7          unsigned int Num;
   8          void main()
   9          {
  10   1        LCD_Init();
  11   1        LCD_ShowNum(1,1,Num,5);
  12   1        //AT24C02_WriteByte(10,55);
  13   1      //  Delay(5);
  14   1      //  Data=AT24C02_ReadByte(1);
  15   1      //  LCD_ShowNum(2,1,Data,3);
  16   1        while(1)
  17   1        {
  18   2        KeyNum=Key();
  19   2        if(KeyNum==1)
  20   2          {
  21   3            Num++;
  22   3            LCD_ShowNum(1,1,Num,5);
  23   3          }
  24   2        if(KeyNum==2)
  25   2            {
  26   3              Num--;
  27   3              LCD_ShowNum(1,1,Num,5);
  28   3            }
  29   2        
  30   2        if(KeyNum==3)
  31   2            {
  32   3              AT24C02_WriteByte(0,Num%256);
  33   3              Delay(5);
  34   3              AT24C02_WriteByte(1,Num/256);
  35   3              Delay(5);
  36   3              LCD_ShowString(2,1,"Write OK");
  37   3              Delay(1000);
  38   3              LCD_ShowString(2,1,"        ");
  39   3            }
  40   2            if(KeyNum==4)
  41   2            {
  42   3              Num=AT24C02_ReadByte(0);
  43   3              Num|=AT24C02_ReadByte(1)<<8;
  44   3              LCD_ShowNum(1,1,Num,5);
  45   3              LCD_ShowString(2,1,"Read OK");
  46   3              Delay(1000);
  47   3              LCD_ShowString(2,1,"        ");
  48   3            }
  49   2        }
  50   1      
  51   1      }


MODULE INFORMATION:   STATIC OVERLAYABLE
C51 COMPILER V9.60.7.0   MAIN                                                              10/18/2023 18:46:37 PAGE 2   

   CODE SIZE        =    223    ----
   CONSTANT SIZE    =     26    ----
   XDATA SIZE       =   ----    ----
   PDATA SIZE       =   ----    ----
   DATA SIZE        =      3    ----
   IDATA SIZE       =   ----    ----
   BIT SIZE         =   ----    ----
END OF MODULE INFORMATION.


C51 COMPILATION COMPLETE.  0 WARNING(S),  0 ERROR(S)
