C51 COMPILER V9.60.7.0   MAIN                                                              10/21/2023 19:18:15 PAGE 1   


C51 COMPILER V9.60.7.0, COMPILATION OF MODULE MAIN
OBJECT MODULE PLACED IN .\Objects\main.obj
COMPILER INVOKED BY: C:\Keil_v5\C51\BIN\C51.EXE main.c OPTIMIZE(8,SPEED) BROWSE DEBUG OBJECTEXTEND PRINT(.\Listings\main
                    -.lst) TABS(2) OBJECT(.\Objects\main.obj)

line level    source

   1          #include <REGX52.H>
   2          #include "Delay.h"
   3          #include "Key.h"
   4          #include "Timero.h"
   5          #include "Nixie.h"
   6          sbit Motor=P1^0;
   7          unsigned char Counter,Compare;
   8          unsigned char KeyNum,Speed;
   9          void main()
  10          {
  11   1        Timer0_Init();
  12   1        
  13   1        while(1)
  14   1        {
  15   2        KeyNum=key();
*** WARNING C206 IN LINE 15 OF main.c: 'key': missing function-prototype
  16   2          if(KeyNum==1)
  17   2          {
  18   3            Speed++;
  19   3            Speed%=4;
  20   3            if(Speed==0){Compare=0;}
  21   3            if(Speed==1){Compare=40;}
  22   3            if(Speed==2){Compare=50;}
  23   3            if(Speed==3){Compare=100;}
  24   3          }
  25   2          Nixie(1,Speed);
  26   2        }
  27   1      
  28   1      
  29   1      
  30   1      }
  31            void Timer0_Routine()  interrupt 1
  32          {
  33   1        
  34   1        static unsigned int T0Count;
  35   1          TL0=0x9C;    //设置定时初值
  36   1          TH0=0xFF;    //设置定时初值
  37   1          Counter++;
  38   1        Counter%=100;   //到100就清0，不到100还是原数
  39   1        if(Counter<Compare)
  40   1        {
  41   2          Motor=1;
  42   2        }
  43   1        else
  44   1          Motor=0;
  45   1      }
*** WARNING C280 IN LINE 34 OF main.c: 'T0Count': unreferenced local variable


MODULE INFORMATION:   STATIC OVERLAYABLE
   CODE SIZE        =    104    ----
   CONSTANT SIZE    =   ----    ----
   XDATA SIZE       =   ----    ----
   PDATA SIZE       =   ----    ----
C51 COMPILER V9.60.7.0   MAIN                                                              10/21/2023 19:18:15 PAGE 2   

   DATA SIZE        =      6    ----
   IDATA SIZE       =   ----    ----
   BIT SIZE         =   ----    ----
END OF MODULE INFORMATION.


C51 COMPILATION COMPLETE.  2 WARNING(S),  0 ERROR(S)
