C51 COMPILER V9.60.7.0   TIMERO                                                            10/20/2023 19:14:20 PAGE 1   


C51 COMPILER V9.60.7.0, COMPILATION OF MODULE TIMERO
OBJECT MODULE PLACED IN .\Objects\Timero.obj
COMPILER INVOKED BY: C:\Keil_v5\C51\BIN\C51.EXE Timero.c OPTIMIZE(8,SPEED) BROWSE DEBUG OBJECTEXTEND PRINT(.\Listings\Ti
                    -mero.lst) TABS(2) OBJECT(.\Objects\Timero.obj)

line level    source

   1          #include <REGX52.H>
   2          /**
   3              *@brief  定时器0初始化，1毫秒12Hz
   4              * @param  无
   5              * @retval 无
   6              */
   7          
   8          void Timer0_Init(void)    //1毫秒@12.000MHz
   9          {
  10   1        
  11   1        TMOD &= 0xF0;     //设置定时器模式
  12   1        TMOD |= 0x01;     //设置定时器模式
  13   1        TL0 = 0x9C;       //设置定时初始值
  14   1        TH0 = 0xFF;       //设置定时初始值
  15   1        TF0 = 0;        //清除TF0标志
  16   1        TR0 = 1;        //定时器0开始计时
  17   1        ET0=1;
  18   1        EA=1;
  19   1        PT0=0;
  20   1      }
  21          /*定时器中断函数模板
  22            void Timer0_Routine()  interrupt 1
  23          {
  24            static unsigned int T0Count;
  25              TL0=0x18;    //设置定时初值
  26              TH0=0xFC;    //设置定时初值
  27              T0Count++;
  28              if(T0Count>=1000)
  29          {
  30          T0Count=0;
  31          }
  32          }
  33          */


MODULE INFORMATION:   STATIC OVERLAYABLE
   CODE SIZE        =     23    ----
   CONSTANT SIZE    =   ----    ----
   XDATA SIZE       =   ----    ----
   PDATA SIZE       =   ----    ----
   DATA SIZE        =   ----    ----
   IDATA SIZE       =   ----    ----
   BIT SIZE         =   ----    ----
END OF MODULE INFORMATION.


C51 COMPILATION COMPLETE.  0 WARNING(S),  0 ERROR(S)
