C51 COMPILER V9.60.7.0   MAIN                                                              10/19/2023 19:50:30 PAGE 1   


C51 COMPILER V9.60.7.0, COMPILATION OF MODULE MAIN
OBJECT MODULE PLACED IN .\Objects\main.obj
COMPILER INVOKED BY: C:\Keil_v5\C51\BIN\C51.EXE main.c OPTIMIZE(8,SPEED) BROWSE DEBUG OBJECTEXTEND PRINT(.\Listings\main
                    -.lst) TABS(2) OBJECT(.\Objects\main.obj)

line level    source

   1          #include <REGX52.H>
   2          #include "DS18B20.h"
   3          #include "Key.h"
   4          #include "AT24C02.h"
   5          #include "Delay.h"
   6          #include "LCD1602.h"
   7          #include "DS18B20.h"
   8          float T;
   9          char TLOW,THIGH;
  10          void main() 
  11          {
  12   1        
  13   1        LCD_Init();
  14   1        LCD_ShowString(1,1,"T:");
  15   1        
  16   1        while(1)
  17   1        {
  18   2            DS18B20_ConvertT();
  19   2            T=DS18B20_ReadT();
  20   2          if(T<0)
  21   2          {
  22   3            LCD_ShowChar(1,3,'-');
  23   3            T=-T;
  24   3          }
  25   2            else
  26   2            {
  27   3              LCD_ShowChar(1,3,'+');
  28   3            }
  29   2            LCD_ShowNum(1,4,T,3);
  30   2            LCD_ShowChar(1,7,'.');
  31   2            LCD_ShowNum(1,8,(unsigned long)(T*100)%100,2);
  32   2          }
  33   1      }


MODULE INFORMATION:   STATIC OVERLAYABLE
   CODE SIZE        =    164    ----
   CONSTANT SIZE    =      3    ----
   XDATA SIZE       =   ----    ----
   PDATA SIZE       =   ----    ----
   DATA SIZE        =      6    ----
   IDATA SIZE       =   ----    ----
   BIT SIZE         =   ----    ----
END OF MODULE INFORMATION.


C51 COMPILATION COMPLETE.  0 WARNING(S),  0 ERROR(S)
