C51 COMPILER V9.60.7.0   MAIN                                                              09/01/2023 18:54:25 PAGE 1   


C51 COMPILER V9.60.7.0, COMPILATION OF MODULE MAIN
OBJECT MODULE PLACED IN .\Objects\main.obj
COMPILER INVOKED BY: C:\Keil_v5\C51\BIN\C51.EXE main.c OPTIMIZE(8,SPEED) BROWSE DEBUG OBJECTEXTEND PRINT(.\Listings\main
                    -.lst) TABS(2) OBJECT(.\Objects\main.obj)

line level    source

   1          #include <REGX52.H>
   2          void Delay(unsigned int xms)    //@12.000MHz
   3          {
   4   1        unsigned char data i, j;
   5   1      while(xms)
   6   1        
   7   1        {
   8   2        i = 2;
   9   2        j = 239;
  10   2        do
  11   2        {
  12   3          while (--j);
  13   3        } while (--i);
  14   2        xms--;
  15   2      }
  16   1      }
  17          
  18          void main()
  19          {
  20   1      
  21   1        while(1)
  22   1        {
  23   2          if(P3_1==0)
  24   2          { 
  25   3            Delay(5);
  26   3            while(P3_1==0)
  27   3            {
  28   4              Delay(5);
  29   4            }
  30   3            P2_0=~P2_0;
  31   3            Delay(500);
  32   3          }
  33   2         else
  34   2           P2_0=1;
  35   2        } 
  36   1      
  37   1      }


MODULE INFORMATION:   STATIC OVERLAYABLE
   CODE SIZE        =     52    ----
   CONSTANT SIZE    =   ----    ----
   XDATA SIZE       =   ----    ----
   PDATA SIZE       =   ----    ----
   DATA SIZE        =   ----    ----
   IDATA SIZE       =   ----    ----
   BIT SIZE         =   ----    ----
END OF MODULE INFORMATION.


C51 COMPILATION COMPLETE.  0 WARNING(S),  0 ERROR(S)
