C51 COMPILER V9.60.7.0   REGX52                                                            10/05/2023 19:00:31 PAGE 1   


C51 COMPILER V9.60.7.0, COMPILATION OF MODULE REGX52
OBJECT MODULE PLACED IN .\Objects\REGX52.obj
COMPILER INVOKED BY: C:\Keil_v5\C51\BIN\C51.EXE REGX52.c OPTIMIZE(8,SPEED) BROWSE DEBUG OBJECTEXTEND PRINT(.\Listings\RE
                    -GX52.lst) TABS(2) OBJECT(.\Objects\REGX52.obj)

line level    source

   1          #include <REGX52.H>
   2          sbit RCK=P3^5;  //RCLK
   3          sbit SCK=P3^6;  //SRCLK
   4          sbit SER=P3^4;  //SER
   5          void _74HC595_WriteByte(unsigned char Byte)
   6          {
   7   1        unsigned char i;
   8   1        for(i=0;i<8;i++)
   9   1        {
  10   2        SER=Byte&(0x80>>i);
  11   2        SCK=1;
  12   2        SCK=0;
  13   2        }
  14   1        RCK=1;
  15   1        RCK=0;
  16   1      }
  17          void main()
  18          {
  19   1        SCK=0;
  20   1        RCK=0;
  21   1        _74HC595_WriteByte(0XF0);
  22   1        while(1)
  23   1        {
  24   2        
  25   2      
  26   2      
  27   2      
  28   2        }
  29   1      
  30   1      
  31   1      
  32   1      }


MODULE INFORMATION:   STATIC OVERLAYABLE
   CODE SIZE        =     56    ----
   CONSTANT SIZE    =   ----    ----
   XDATA SIZE       =   ----    ----
   PDATA SIZE       =   ----    ----
   DATA SIZE        =   ----    ----
   IDATA SIZE       =   ----    ----
   BIT SIZE         =   ----    ----
END OF MODULE INFORMATION.


C51 COMPILATION COMPLETE.  0 WARNING(S),  0 ERROR(S)
