C51 COMPILER V9.60.7.0   MAIN                                                              09/06/2023 18:01:34 PAGE 1   


C51 COMPILER V9.60.7.0, COMPILATION OF MODULE MAIN
OBJECT MODULE PLACED IN .\Objects\main.obj
COMPILER INVOKED BY: C:\Keil_v5\C51\BIN\C51.EXE main.c OPTIMIZE(8,SPEED) BROWSE DEBUG OBJECTEXTEND PRINT(.\Listings\main
                    -.lst) TABS(2) OBJECT(.\Objects\main.obj)

line level    source

   1          #include <REGX52.H>
   2          
   3          void Delay(unsigned int xms)    //@12.000MHz
   4          {
   5   1        unsigned char data i, j;
   6   1        while(xms)
   7   1        {
   8   2        i = 12;
   9   2        j = 169;
  10   2        do
  11   2        {
  12   3          while (--j);
  13   3        } while (--i);
  14   2        xms--;
  15   2        }
  16   1      }
  17          unsigned char LED=0;
  18          void main()
  19            
  20          {
  21   1        P2=~0x01;
  22   1        
  23   1        while(1)
  24   1        {
  25   2          
  26   2          if(P3_1==0)
  27   2          { 
  28   3            Delay(20);
  29   3          while(P3_1==0);
  30   3          Delay(20);
  31   3          LED++;
  32   3          if(LED>=8)
  33   3            LED=0;
  34   3          P2=~(0x01<<LED);
  35   3          }
  36   2          if(P3_0==0)
  37   2          {
  38   3            Delay(20);
  39   3          while(P3_0==0);
  40   3          Delay(20);
  41   3            if(LED==0)
  42   3            LED=7;
  43   3            else
  44   3            LED--;
  45   3          P2=~(0x01<<LED);
  46   3          }
  47   2        }
  48   1        
  49   1        
  50   1      }


MODULE INFORMATION:   STATIC OVERLAYABLE
   CODE SIZE        =    108    ----
C51 COMPILER V9.60.7.0   MAIN                                                              09/06/2023 18:01:34 PAGE 2   

   CONSTANT SIZE    =   ----    ----
   XDATA SIZE       =   ----    ----
   PDATA SIZE       =   ----    ----
   DATA SIZE        =      1    ----
   IDATA SIZE       =   ----    ----
   BIT SIZE         =   ----    ----
END OF MODULE INFORMATION.


C51 COMPILATION COMPLETE.  0 WARNING(S),  0 ERROR(S)
