C51 COMPILER V9.60.7.0   MAIN                                                              09/25/2023 18:28:29 PAGE 1   


C51 COMPILER V9.60.7.0, COMPILATION OF MODULE MAIN
OBJECT MODULE PLACED IN .\Objects\main.obj
COMPILER INVOKED BY: C:\Keil_v5\C51\BIN\C51.EXE main.c OPTIMIZE(8,SPEED) BROWSE DEBUG OBJECTEXTEND PRINT(.\Listings\main
                    -.lst) TABS(2) OBJECT(.\Objects\main.obj)

line level    source

   1          #include <REGX52.H>
   2          #include “Timer0.h”
*** ERROR C100 IN LINE 2 OF main.c: unprintable character 0xE2 skipped
*** ERROR C100 IN LINE 2 OF main.c: unprintable character 0x80 skipped
*** ERROR C100 IN LINE 2 OF main.c: unprintable character 0x9C skipped
*** ERROR C129 IN LINE 2 OF main.c: missing ';' before '.'
*** ERROR C309 IN LINE 2 OF main.c: bad or missing filename
*** WARNING C318 IN LINE 2 OF main.c: can't open file ''
   3          #include "Key.h"
   4          unsigned char KeyNum;
   5          void main()
   6          {
   7            while(1)
   8            {
   9              KeyNum=Key();
  10            if(KeyNum)
  11            {
  12              if(KeyNum==1){P2_1=~P2_1;}
  13              if(KeyNum==2){P2_1=~P2_2;}
  14              if(KeyNum==3){P2_1=~P2_3;}
  15              if(KeyNum==4){P2_1=~P2_4;}
  16            }
  17            }
  18              
  19            
  20          }
  21          void Timer0_Init(void)    //1毫秒@12.000MHz
  22          {
  23            
  24            TMOD &= 0xF0;     //设置定时器模式
  25            TMOD |= 0x01;     //设置定时器模式
  26            TL0 = 0x18;       //设置定时初始值
  27            TH0 = 0xFC;       //设置定时初始值
  28            TF0 = 0;        //清除TF0标志
  29            TR0 = 1;        //定时器0开始计时
  30            ET0=1;
  31            EA=1;
  32            PT0=0;
  33          }
  34          
  35          void main()
  36          {
  37              Timer0_Init();
  38              while(1)
  39            {
  40            
  41            
  42            
  43            }
  44            
  45            
  46          }
  47          
  48          void Timer0_Routine() interrupt 1
C51 COMPILER V9.60.7.0   MAIN                                                              09/25/2023 18:28:29 PAGE 2   

  49          { 
  50              static  unsigned int TimeCount;
  51              TL0 = 0x18;       //设置定时初始值
  52              TH0 = 0xFC;       //设置定时初始值
  53              TimeCount++;
  54            if(TimeCount>=1000)
  55            {
  56              TimeCount=0;
  57              P2_0=~P2_0;
  58              }
  59            
  60          }

C51 COMPILATION COMPLETE.  1 WARNING(S),  5 ERROR(S)
