C51 COMPILER V9.60.7.0   MAIN                                                              09/17/2023 18:51:27 PAGE 1   


C51 COMPILER V9.60.7.0, COMPILATION OF MODULE MAIN
OBJECT MODULE PLACED IN .\Objects\main.obj
COMPILER INVOKED BY: C:\Keil_v5\C51\BIN\C51.EXE main.c OPTIMIZE(8,SPEED) BROWSE DEBUG OBJECTEXTEND PRINT(.\Listings\main
                    -.lst) TABS(2) OBJECT(.\Objects\main.obj)

line level    source

   1          #include <REGX52.H>
   2          #include "Delay.h"
   3          #include "LCD1602.h"
   4          #include "MatrixKey.h"
   5          unsigned char KeyNum;
   6          unsigned int Password;
   7          unsigned char count;
   8          void main()
   9          {
  10   1        LCD_Init();
  11   1        LCD_ShowString(1,1,"Password:");
  12   1        
  13   1      while(1)
  14   1      {
  15   2        
  16   2        KeyNum=MatrixKey();
  17   2        if(KeyNum)
  18   2        {
  19   3          if(KeyNum<=10)//如果S1·S10按键按下，输入密码
  20   3          {
  21   4            if(count<4)         //如果输入次数小于4
  22   4            {
  23   5            Password*=10;       //密码左移一位
  24   5            Password+=KeyNum%10;//获取一位密码
  25   5            }
  26   4            count++;           //计次加一
  27   4            LCD_ShowNum(2,1,Password,4);//更新显示
  28   4          }
  29   3         if(KeyNum==11)//确认键
  30   3        {
  31   4      
  32   4          if(Password==2345)//密码为2345
  33   4      {
  34   5        
  35   5        LCD_ShowString(1,14,"OK ");
  36   5        Password=0;//密码显示清0
  37   5        count=0;   //计次清0
  38   5        LCD_ShowNum(2,1,Password,4);//更新显示
  39   5      }
  40   4        else
  41   4        { 
  42   5        LCD_ShowString(1,14,"err");
  43   5        Password=0;//密码显示清0
  44   5        count=0;   //计次清0
  45   5        LCD_ShowNum(2,1,Password,4);//更新显示
  46   5        }
  47   4        
  48   4        } 
  49   3        if(KeyNum==12)//如果S12按下，取消
  50   3        {
  51   4          Password=0;//密码显示清0
  52   4          count=0;   //计次清0
  53   4          LCD_ShowNum(2,1,Password,4);//更新显示
  54   4        }
C51 COMPILER V9.60.7.0   MAIN                                                              09/17/2023 18:51:27 PAGE 2   

  55   3        }
  56   2       }
  57   1      }


MODULE INFORMATION:   STATIC OVERLAYABLE
   CODE SIZE        =    175    ----
   CONSTANT SIZE    =     18    ----
   XDATA SIZE       =   ----    ----
   PDATA SIZE       =   ----    ----
   DATA SIZE        =      4    ----
   IDATA SIZE       =   ----    ----
   BIT SIZE         =   ----    ----
END OF MODULE INFORMATION.


C51 COMPILATION COMPLETE.  0 WARNING(S),  0 ERROR(S)
